2012-12-07 19:45:46,607 - [INFO] - from play in main 
Listening for HTTP on port 9000...

2012-12-07 19:45:50,966 - [INFO] - from play in play-akka.actor.default-dispatcher-2 
database [default] connected at jdbc:h2:mem:play

2012-12-07 19:45:51,070 - [ERROR] - from application in New I/O  worker #1 


! @6ci1o5n48 - Internal server error, for request [GET /] ->

play.api.db.evolutions.InvalidDatabaseRevision: Database 'default' needs evolution! [An SQL script need to be run on your database.]
	at play.api.db.evolutions.EvolutionsPlugin$$anonfun$onStart$1$$anonfun$apply$1.apply$mcV$sp(Evolutions.scala:427) ~[play_2.9.1.jar:2.0.4]
	at play.api.db.evolutions.EvolutionsPlugin.withLock(Evolutions.scala:448) ~[play_2.9.1.jar:2.0.4]
	at play.api.db.evolutions.EvolutionsPlugin$$anonfun$onStart$1.apply(Evolutions.scala:414) ~[play_2.9.1.jar:2.0.4]
	at play.api.db.evolutions.EvolutionsPlugin$$anonfun$onStart$1.apply(Evolutions.scala:412) ~[play_2.9.1.jar:2.0.4]
	at scala.collection.LinearSeqOptimized$class.foreach(LinearSeqOptimized.scala:59) ~[scala-library.jar:0.11.3]
	at scala.collection.immutable.List.foreach(List.scala:45) ~[scala-library.jar:0.11.3]
	at play.api.db.evolutions.EvolutionsPlugin.onStart(Evolutions.scala:412) ~[play_2.9.1.jar:2.0.4]
	at play.api.Play$$anonfun$start$1.apply(Play.scala:60) ~[play_2.9.1.jar:2.0.4]
	at play.api.Play$$anonfun$start$1.apply(Play.scala:60) ~[play_2.9.1.jar:2.0.4]
	at scala.collection.LinearSeqOptimized$class.foreach(LinearSeqOptimized.scala:59) ~[scala-library.jar:0.11.3]
	at scala.collection.immutable.List.foreach(List.scala:45) ~[scala-library.jar:0.11.3]
	at play.api.Play$.start(Play.scala:60) ~[play_2.9.1.jar:2.0.4]
	at play.core.ReloadableApplication$$anonfun$get$1$$anonfun$apply$3$$anonfun$1.apply(ApplicationProvider.scala:125) ~[play_2.9.1.jar:2.0.4]
	at play.core.ReloadableApplication$$anonfun$get$1$$anonfun$apply$3$$anonfun$1.apply(ApplicationProvider.scala:112) ~[play_2.9.1.jar:2.0.4]
	at scala.Option.map(Option.scala:133) ~[scala-library.jar:0.11.3]
	at play.core.ReloadableApplication$$anonfun$get$1$$anonfun$apply$3.apply(ApplicationProvider.scala:112) ~[play_2.9.1.jar:2.0.4]
	at play.core.ReloadableApplication$$anonfun$get$1$$anonfun$apply$3.apply(ApplicationProvider.scala:110) ~[play_2.9.1.jar:2.0.4]
	at scala.Either$RightProjection.flatMap(Either.scala:277) ~[scala-library.jar:0.11.3]
	at play.core.ReloadableApplication$$anonfun$get$1.apply(ApplicationProvider.scala:110) ~[play_2.9.1.jar:2.0.4]
	at play.core.ReloadableApplication$$anonfun$get$1.apply(ApplicationProvider.scala:110) ~[play_2.9.1.jar:2.0.4]
	at akka.dispatch.Future$$anon$3.liftedTree1$1(Future.scala:195) ~[akka-actor.jar:2.0.2]
	at akka.dispatch.Future$$anon$3.run(Future.scala:194) ~[akka-actor.jar:2.0.2]
	at akka.dispatch.TaskInvocation.run(AbstractDispatcher.scala:94) ~[akka-actor.jar:2.0.2]
	at akka.jsr166y.ForkJoinTask$AdaptedRunnableAction.exec(ForkJoinTask.java:1381) ~[akka-actor.jar:2.0.2]
	at akka.jsr166y.ForkJoinTask.doExec(ForkJoinTask.java:259) ~[akka-actor.jar:2.0.2]
	at akka.jsr166y.ForkJoinPool$WorkQueue.runTask(ForkJoinPool.java:975) ~[akka-actor.jar:2.0.2]
	at akka.jsr166y.ForkJoinPool.runWorker(ForkJoinPool.java:1479) ~[akka-actor.jar:2.0.2]
	at akka.jsr166y.ForkJoinWorkerThread.run(ForkJoinWorkerThread.java:104) ~[akka-actor.jar:2.0.2]

2012-12-07 19:45:53,817 - [WARN] - from play in New I/O  worker #1 
Applying evolution script for database 'default':

# --- Rev:1,Ups - 4be2792
create table user (
id                        bigint not null primary key AUTO_INCREMENT,
email                     varchar(255) not null,
name                      varchar(255) not null,
password                  varchar(255) not null
);

create table question (
id                        bigint not null primary key AUTO_INCREMENT,
user_id                   bigint not null,
question_text             varchar(255),
date_started              timestamp not null,
foreign key(user_id)      references user(id) on delete cascade
);

create table choice (
id                        bigint not null primary key AUTO_INCREMENT,
question_id               bigint not null,
choice_text               varchar(255),
foreign key(question_id)  references question(id) on delete cascade
);

create table answers (
user_id                   bigint not null,
question_id               bigint not null,
choice_id                 bigint not null,
explanation               varchar(255),
date_started              timestamp not null,
foreign key(user_id)      references user(id) on delete cascade,
foreign key(question_id)  references question(id) on delete cascade,
foreign key(choice_id)    references choice(id) on delete cascade
);

create table project (
id                        bigint not null primary key,
name                      varchar(255) not null,
folder                    varchar(255) not null
);

create sequence project_seq start with 1000;

create table project_member (
project_id                bigint not null,
user_email                varchar(255) not null,
foreign key(project_id)   references project(id) on delete cascade,
foreign key(user_email)   references user(email) on delete cascade
);

create table task (
id                        bigint not null primary key,
title                     varchar(255) not null,
done                      boolean,
due_date                  timestamp,
assigned_to               varchar(255),
project                   bigint not null,
folder                    varchar(255),
foreign key(assigned_to)  references user(email) on delete set null,
foreign key(project)      references project(id) on delete cascade
);

create sequence task_seq start with 1000;


2012-12-07 19:45:54,580 - [INFO] - from play in play-akka.actor.default-dispatcher-2 
database [default] connected at jdbc:h2:mem:play

2012-12-07 19:45:54,708 - [INFO] - from play in play-akka.actor.default-dispatcher-2 
Application started (Dev)

